2024.11.03 22:46:32 INFO  Started: Metals version 1.4.0 in folders '/Users/barrie/dev/bcm/movrel' for client Visual Studio Code 1.95.0.[0m
2024.11.03 22:46:32 WARN  Flyway upgrade recommended: H2 2.3.232 is newer than this version of Flyway and support has not been tested. The latest supported version of H2 is 2.2.224.[0m
2024.11.03 22:46:45 WARN  no build target for: /Users/barrie/dev/bcm/movrel/build.sbt[0m
2024.11.03 22:48:35 WARN  no build target for: /Users/barrie/dev/bcm/movrel/build.sbt[0m
2024.11.03 22:48:35 INFO  no build target found for /Users/barrie/dev/bcm/movrel/build.sbt. Using presentation compiler with project's scala-library version: 3.3.4[0m
2024.11.03 22:48:35 INFO  skipping build import with status 'Dismissed'[0m
2024.11.03 22:48:40 INFO  no build target found for /Users/barrie/dev/bcm/movrel/build.sbt. Using presentation compiler with project's scala-library version: 3.3.4[0m
2024.11.03 22:48:40 INFO  no build target found for /Users/barrie/dev/bcm/movrel/build.sbt. Using presentation compiler with project's scala-library version: 3.3.4[0m
2024.11.03 22:48:44 INFO  no build target found for /Users/barrie/dev/bcm/movrel/build.sbt. Using presentation compiler with project's scala-library version: 3.3.4[0m
2024.11.03 22:48:52 INFO  no build target found for /Users/barrie/dev/bcm/movrel/build.sbt. Using presentation compiler with project's scala-library version: 3.3.4[0m
2024.11.03 22:48:54 INFO  no build target found for /Users/barrie/dev/bcm/movrel/src/main/scala/org/bcm/movrel/HelloWorld.scala. Using presentation compiler with project's scala-library version: 3.3.4[0m
2024.11.03 22:48:54 INFO  no build target found for /Users/barrie/dev/bcm/movrel/src/main/scala/org/bcm/movrel/HelloWorld.scala. Using presentation compiler with project's scala-library version: 3.3.4[0m
2024.11.03 22:48:54 INFO  no build target found for /Users/barrie/dev/bcm/movrel/src/main/scala/org/bcm/movrel/HelloWorld.scala. Using presentation compiler with project's scala-library version: 3.3.4[0m
2024.11.03 22:48:55 INFO  no build target found for /Users/barrie/dev/bcm/movrel/src/main/scala/org/bcm/movrel/HelloWorld.scala. Using presentation compiler with project's scala-library version: 3.3.4[0m
2024.11.03 22:48:55 INFO  no build target found for /Users/barrie/dev/bcm/movrel/src/main/scala/org/bcm/movrel/HelloWorld.scala. Using presentation compiler with project's scala-library version: 3.3.4[0m
2024.11.03 22:48:55 INFO  no build target found for /Users/barrie/dev/bcm/movrel/src/main/scala/org/bcm/movrel/HelloWorld.scala. Using presentation compiler with project's scala-library version: 3.3.4[0m
2024.11.03 22:48:56 INFO  no build target found for /Users/barrie/dev/bcm/movrel/src/main/scala/org/bcm/movrel/HelloWorld.scala. Using presentation compiler with project's scala-library version: 3.3.4[0m
2024.11.03 22:48:57 INFO  no build target found for /Users/barrie/dev/bcm/movrel/src/main/scala/org/bcm/movrel/HelloWorld.scala. Using presentation compiler with project's scala-library version: 3.3.4[0m
2024.11.03 22:48:57 INFO  no build target found for /Users/barrie/dev/bcm/movrel/src/main/scala/org/bcm/movrel/HelloWorld.scala. Using presentation compiler with project's scala-library version: 3.3.4[0m
2024.11.03 22:48:59 INFO  no build target found for /Users/barrie/dev/bcm/movrel/src/main/scala/org/bcm/movrel/HelloWorld.scala. Using presentation compiler with project's scala-library version: 3.3.4[0m
2024.11.03 22:48:59 INFO  no build target found for /Users/barrie/dev/bcm/movrel/src/main/scala/org/bcm/movrel/HelloWorld.scala. Using presentation compiler with project's scala-library version: 3.3.4[0m
Nov 03, 2024 10:49:01 PM org.eclipse.lsp4j.jsonrpc.services.GenericEndpoint notify
INFO: Unsupported notification method: $/setTrace
2024.11.03 22:49:23 INFO  no build target found for /Users/barrie/dev/bcm/movrel/src/main/scala/org/bcm/movrel/HelloWorld.scala. Using presentation compiler with project's scala-library version: 3.3.4[0m
2024.11.03 22:49:25 INFO  no build target found for /Users/barrie/dev/bcm/movrel/src/main/scala/org/bcm/movrel/HelloWorld.scala. Using presentation compiler with project's scala-library version: 3.3.4[0m
2024.11.03 22:49:25 INFO  no build target found for /Users/barrie/dev/bcm/movrel/build.sbt. Using presentation compiler with project's scala-library version: 3.3.4[0m
2024.11.03 22:49:25 INFO  no build target found for /Users/barrie/dev/bcm/movrel/build.sbt. Using presentation compiler with project's scala-library version: 3.3.4[0m
2024.11.03 22:49:25 INFO  no build target found for /Users/barrie/dev/bcm/movrel/build.sbt. Using presentation compiler with project's scala-library version: 3.3.4[0m
2024.11.03 22:49:25 INFO  no build target found for /Users/barrie/dev/bcm/movrel/build.sbt. Using presentation compiler with project's scala-library version: 3.3.4[0m
2024.11.03 22:49:25 INFO  no build target found for /Users/barrie/dev/bcm/movrel/build.sbt. Using presentation compiler with project's scala-library version: 3.3.4[0m
2024.11.03 22:49:25 INFO  no build target found for /Users/barrie/dev/bcm/movrel/build.sbt. Using presentation compiler with project's scala-library version: 3.3.4[0m
2024.11.03 22:49:27 INFO  no build target found for /Users/barrie/dev/bcm/movrel/build.sbt. Using presentation compiler with project's scala-library version: 3.3.4[0m
2024.11.03 22:49:30 INFO  no build target found for /Users/barrie/dev/bcm/movrel/build.sbt. Using presentation compiler with project's scala-library version: 3.3.4[0m
2024.11.03 22:49:47 INFO  skipping build import with status 'Dismissed'[0m
2024.11.03 22:50:09 INFO  no build target found for /Users/barrie/dev/bcm/movrel/src/main/scala/org/bcm/movrel/HelloWorld.scala. Using presentation compiler with project's scala-library version: 3.3.4[0m
2024.11.03 22:50:09 INFO  no build target found for /Users/barrie/dev/bcm/movrel/src/main/scala/org/bcm/movrel/HelloWorld.scala. Using presentation compiler with project's scala-library version: 3.3.4[0m
2024.11.03 22:50:09 INFO  no build target found for /Users/barrie/dev/bcm/movrel/src/main/scala/org/bcm/movrel/HelloWorld.scala. Using presentation compiler with project's scala-library version: 3.3.4[0m
2024.11.03 22:50:09 INFO  no build target found for /Users/barrie/dev/bcm/movrel/src/main/scala/org/bcm/movrel/HelloWorld.scala. Using presentation compiler with project's scala-library version: 3.3.4[0m
2024.11.03 22:50:09 INFO  no build target found for /Users/barrie/dev/bcm/movrel/src/main/scala/org/bcm/movrel/HelloWorld.scala. Using presentation compiler with project's scala-library version: 3.3.4[0m
2024.11.03 22:50:09 INFO  no build target found for /Users/barrie/dev/bcm/movrel/src/main/scala/org/bcm/movrel/HelloWorld.scala. Using presentation compiler with project's scala-library version: 3.3.4[0m
2024.11.03 22:50:23 INFO  no build target found for /Users/barrie/dev/bcm/movrel/src/main/scala/org/bcm/movrel/HelloWorld.scala. Using presentation compiler with project's scala-library version: 3.3.4[0m
2024.11.03 22:50:23 INFO  no build target found for /Users/barrie/dev/bcm/movrel/build.sbt. Using presentation compiler with project's scala-library version: 3.3.4[0m
2024.11.03 22:50:23 INFO  no build target found for /Users/barrie/dev/bcm/movrel/build.sbt. Using presentation compiler with project's scala-library version: 3.3.4[0m
2024.11.03 22:50:23 INFO  no build target found for /Users/barrie/dev/bcm/movrel/build.sbt. Using presentation compiler with project's scala-library version: 3.3.4[0m
2024.11.03 22:50:23 INFO  no build target found for /Users/barrie/dev/bcm/movrel/build.sbt. Using presentation compiler with project's scala-library version: 3.3.4[0m
2024.11.03 22:50:23 INFO  no build target found for /Users/barrie/dev/bcm/movrel/build.sbt. Using presentation compiler with project's scala-library version: 3.3.4[0m
2024.11.03 22:50:25 INFO  no build target found for /Users/barrie/dev/bcm/movrel/build.sbt. Using presentation compiler with project's scala-library version: 3.3.4[0m
2024.11.03 22:50:27 INFO  no build target found for /Users/barrie/dev/bcm/movrel/build.sbt. Using presentation compiler with project's scala-library version: 3.3.4[0m
2024.11.03 22:50:27 INFO  no build target found for /Users/barrie/dev/bcm/movrel/build.sbt. Using presentation compiler with project's scala-library version: 3.3.4[0m
2024.11.03 22:50:29 INFO  no build target found for /Users/barrie/dev/bcm/movrel/build.sbt. Using presentation compiler with project's scala-library version: 3.3.4[0m
2024.11.03 22:50:30 INFO  no build target found for /Users/barrie/dev/bcm/movrel/build.sbt. Using presentation compiler with project's scala-library version: 3.3.4[0m
2024.11.03 22:50:30 INFO  no build target found for /Users/barrie/dev/bcm/movrel/build.sbt. Using presentation compiler with project's scala-library version: 3.3.4[0m
2024.11.03 22:50:30 INFO  no build target found for /Users/barrie/dev/bcm/movrel/build.sbt. Using presentation compiler with project's scala-library version: 3.3.4[0m
2024.11.03 22:50:31 INFO  no build target found for /Users/barrie/dev/bcm/movrel/build.sbt. Using presentation compiler with project's scala-library version: 3.3.4[0m
2024.11.03 22:50:31 INFO  no build target found for /Users/barrie/dev/bcm/movrel/build.sbt. Using presentation compiler with project's scala-library version: 3.3.4[0m
2024.11.03 22:50:31 INFO  no build target found for /Users/barrie/dev/bcm/movrel/build.sbt. Using presentation compiler with project's scala-library version: 3.3.4[0m
2024.11.03 22:50:31 INFO  no build target found for /Users/barrie/dev/bcm/movrel/build.sbt. Using presentation compiler with project's scala-library version: 3.3.4[0m
2024.11.03 22:50:31 INFO  no build target found for /Users/barrie/dev/bcm/movrel/build.sbt. Using presentation compiler with project's scala-library version: 3.3.4[0m
2024.11.03 22:50:31 INFO  no build target found for /Users/barrie/dev/bcm/movrel/build.sbt. Using presentation compiler with project's scala-library version: 3.3.4[0m
2024.11.03 22:50:33 INFO  no build target found for /Users/barrie/dev/bcm/movrel/build.sbt. Using presentation compiler with project's scala-library version: 3.3.4[0m
2024.11.03 22:50:34 INFO  no build target found for /Users/barrie/dev/bcm/movrel/build.sbt. Using presentation compiler with project's scala-library version: 3.3.4[0m
2024.11.03 22:50:34 INFO  no build target found for /Users/barrie/dev/bcm/movrel/build.sbt. Using presentation compiler with project's scala-library version: 3.3.4[0m
2024.11.03 22:50:34 INFO  no build target found for /Users/barrie/dev/bcm/movrel/build.sbt. Using presentation compiler with project's scala-library version: 3.3.4[0m
2024.11.03 22:50:35 INFO  no build target found for /Users/barrie/dev/bcm/movrel/build.sbt. Using presentation compiler with project's scala-library version: 3.3.4[0m
2024.11.03 22:50:35 INFO  no build target found for /Users/barrie/dev/bcm/movrel/build.sbt. Using presentation compiler with project's scala-library version: 3.3.4[0m
2024.11.03 22:50:36 INFO  no build target found for /Users/barrie/dev/bcm/movrel/build.sbt. Using presentation compiler with project's scala-library version: 3.3.4[0m
2024.11.03 22:50:36 INFO  no build target found for /Users/barrie/dev/bcm/movrel/build.sbt. Using presentation compiler with project's scala-library version: 3.3.4[0m
2024.11.03 22:50:38 INFO  no build target found for /Users/barrie/dev/bcm/movrel/build.sbt. Using presentation compiler with project's scala-library version: 3.3.4[0m
2024.11.03 22:50:38 INFO  no build target found for /Users/barrie/dev/bcm/movrel/build.sbt. Using presentation compiler with project's scala-library version: 3.3.4[0m
2024.11.03 22:50:38 INFO  no build target found for /Users/barrie/dev/bcm/movrel/build.sbt. Using presentation compiler with project's scala-library version: 3.3.4[0m
2024.11.03 22:50:38 INFO  no build target found for /Users/barrie/dev/bcm/movrel/build.sbt. Using presentation compiler with project's scala-library version: 3.3.4[0m
2024.11.03 22:50:38 INFO  no build target found for /Users/barrie/dev/bcm/movrel/build.sbt. Using presentation compiler with project's scala-library version: 3.3.4[0m
2024.11.03 22:50:38 INFO  no build target found for /Users/barrie/dev/bcm/movrel/build.sbt. Using presentation compiler with project's scala-library version: 3.3.4[0m
2024.11.03 22:50:38 INFO  no build target found for /Users/barrie/dev/bcm/movrel/build.sbt. Using presentation compiler with project's scala-library version: 3.3.4[0m
2024.11.03 22:50:38 INFO  no build target found for /Users/barrie/dev/bcm/movrel/build.sbt. Using presentation compiler with project's scala-library version: 3.3.4[0m
2024.11.03 22:50:38 INFO  no build target found for /Users/barrie/dev/bcm/movrel/build.sbt. Using presentation compiler with project's scala-library version: 3.3.4[0m
2024.11.03 22:50:38 INFO  no build target found for /Users/barrie/dev/bcm/movrel/build.sbt. Using presentation compiler with project's scala-library version: 3.3.4[0m
2024.11.03 22:50:38 INFO  no build target found for /Users/barrie/dev/bcm/movrel/build.sbt. Using presentation compiler with project's scala-library version: 3.3.4[0m
2024.11.03 22:50:38 INFO  no build target found for /Users/barrie/dev/bcm/movrel/build.sbt. Using presentation compiler with project's scala-library version: 3.3.4[0m
2024.11.03 22:50:39 INFO  no build target found for /Users/barrie/dev/bcm/movrel/build.sbt. Using presentation compiler with project's scala-library version: 3.3.4[0m
2024.11.03 22:50:39 INFO  no build target found for /Users/barrie/dev/bcm/movrel/build.sbt. Using presentation compiler with project's scala-library version: 3.3.4[0m
2024.11.03 22:50:39 INFO  no build target found for /Users/barrie/dev/bcm/movrel/build.sbt. Using presentation compiler with project's scala-library version: 3.3.4[0m
2024.11.03 22:50:39 INFO  no build target found for /Users/barrie/dev/bcm/movrel/build.sbt. Using presentation compiler with project's scala-library version: 3.3.4[0m
2024.11.03 22:50:39 INFO  no build target found for /Users/barrie/dev/bcm/movrel/build.sbt. Using presentation compiler with project's scala-library version: 3.3.4[0m
2024.11.03 22:50:39 INFO  no build target found for /Users/barrie/dev/bcm/movrel/build.sbt. Using presentation compiler with project's scala-library version: 3.3.4[0m
2024.11.03 22:50:39 INFO  no build target found for /Users/barrie/dev/bcm/movrel/build.sbt. Using presentation compiler with project's scala-library version: 3.3.4[0m
2024.11.03 22:50:39 INFO  no build target found for /Users/barrie/dev/bcm/movrel/build.sbt. Using presentation compiler with project's scala-library version: 3.3.4[0m
2024.11.03 22:50:39 INFO  no build target found for /Users/barrie/dev/bcm/movrel/build.sbt. Using presentation compiler with project's scala-library version: 3.3.4[0m
2024.11.03 22:50:39 INFO  no build target found for /Users/barrie/dev/bcm/movrel/build.sbt. Using presentation compiler with project's scala-library version: 3.3.4[0m
2024.11.03 22:50:39 INFO  no build target found for /Users/barrie/dev/bcm/movrel/build.sbt. Using presentation compiler with project's scala-library version: 3.3.4[0m
2024.11.03 22:50:39 INFO  no build target found for /Users/barrie/dev/bcm/movrel/build.sbt. Using presentation compiler with project's scala-library version: 3.3.4[0m
2024.11.03 22:50:39 INFO  no build target found for /Users/barrie/dev/bcm/movrel/build.sbt. Using presentation compiler with project's scala-library version: 3.3.4[0m
2024.11.03 22:50:39 INFO  no build target found for /Users/barrie/dev/bcm/movrel/build.sbt. Using presentation compiler with project's scala-library version: 3.3.4[0m
2024.11.03 22:50:39 INFO  no build target found for /Users/barrie/dev/bcm/movrel/build.sbt. Using presentation compiler with project's scala-library version: 3.3.4[0m
2024.11.03 22:50:39 INFO  no build target found for /Users/barrie/dev/bcm/movrel/build.sbt. Using presentation compiler with project's scala-library version: 3.3.4[0m
2024.11.03 22:50:40 INFO  no build target found for /Users/barrie/dev/bcm/movrel/build.sbt. Using presentation compiler with project's scala-library version: 3.3.4[0m
2024.11.03 22:50:40 INFO  no build target found for /Users/barrie/dev/bcm/movrel/build.sbt. Using presentation compiler with project's scala-library version: 3.3.4[0m
2024.11.03 22:50:40 INFO  no build target found for /Users/barrie/dev/bcm/movrel/build.sbt. Using presentation compiler with project's scala-library version: 3.3.4[0m
2024.11.03 22:50:39 INFO  no build target found for /Users/barrie/dev/bcm/movrel/build.sbt. Using presentation compiler with project's scala-library version: 3.3.4[0m
2024.11.03 22:50:40 INFO  no build target found for /Users/barrie/dev/bcm/movrel/build.sbt. Using presentation compiler with project's scala-library version: 3.3.4[0m
2024.11.03 22:50:40 INFO  no build target found for /Users/barrie/dev/bcm/movrel/build.sbt. Using presentation compiler with project's scala-library version: 3.3.4[0m
2024.11.03 22:50:40 INFO  no build target found for /Users/barrie/dev/bcm/movrel/build.sbt. Using presentation compiler with project's scala-library version: 3.3.4[0m
2024.11.03 22:50:40 INFO  no build target found for /Users/barrie/dev/bcm/movrel/build.sbt. Using presentation compiler with project's scala-library version: 3.3.4[0m
2024.11.03 22:50:40 INFO  no build target found for /Users/barrie/dev/bcm/movrel/build.sbt. Using presentation compiler with project's scala-library version: 3.3.4[0m
2024.11.03 22:50:40 INFO  no build target found for /Users/barrie/dev/bcm/movrel/build.sbt. Using presentation compiler with project's scala-library version: 3.3.4[0m
2024.11.03 22:50:40 INFO  no build target found for /Users/barrie/dev/bcm/movrel/build.sbt. Using presentation compiler with project's scala-library version: 3.3.4[0m
2024.11.03 22:50:40 INFO  no build target found for /Users/barrie/dev/bcm/movrel/build.sbt. Using presentation compiler with project's scala-library version: 3.3.4[0m
2024.11.03 22:50:40 INFO  no build target found for /Users/barrie/dev/bcm/movrel/build.sbt. Using presentation compiler with project's scala-library version: 3.3.4[0m
2024.11.03 22:50:40 INFO  no build target found for /Users/barrie/dev/bcm/movrel/build.sbt. Using presentation compiler with project's scala-library version: 3.3.4[0m
2024.11.03 22:50:40 INFO  no build target found for /Users/barrie/dev/bcm/movrel/build.sbt. Using presentation compiler with project's scala-library version: 3.3.4[0m
2024.11.03 22:50:40 INFO  no build target found for /Users/barrie/dev/bcm/movrel/build.sbt. Using presentation compiler with project's scala-library version: 3.3.4[0m
2024.11.03 22:50:40 INFO  no build target found for /Users/barrie/dev/bcm/movrel/build.sbt. Using presentation compiler with project's scala-library version: 3.3.4[0m
2024.11.03 22:50:41 INFO  no build target found for /Users/barrie/dev/bcm/movrel/build.sbt. Using presentation compiler with project's scala-library version: 3.3.4[0m
2024.11.03 22:50:41 INFO  no build target found for /Users/barrie/dev/bcm/movrel/build.sbt. Using presentation compiler with project's scala-library version: 3.3.4[0m
2024.11.03 22:50:41 INFO  no build target found for /Users/barrie/dev/bcm/movrel/build.sbt. Using presentation compiler with project's scala-library version: 3.3.4[0m
2024.11.03 22:50:41 INFO  no build target found for /Users/barrie/dev/bcm/movrel/build.sbt. Using presentation compiler with project's scala-library version: 3.3.4[0m
2024.11.03 22:50:41 INFO  no build target found for /Users/barrie/dev/bcm/movrel/build.sbt. Using presentation compiler with project's scala-library version: 3.3.4[0m
2024.11.03 22:50:40 INFO  no build target found for /Users/barrie/dev/bcm/movrel/build.sbt. Using presentation compiler with project's scala-library version: 3.3.4[0m
2024.11.03 22:50:41 INFO  no build target found for /Users/barrie/dev/bcm/movrel/build.sbt. Using presentation compiler with project's scala-library version: 3.3.4[0m
2024.11.03 22:50:41 INFO  no build target found for /Users/barrie/dev/bcm/movrel/build.sbt. Using presentation compiler with project's scala-library version: 3.3.4[0m
2024.11.03 22:50:42 INFO  no build target found for /Users/barrie/dev/bcm/movrel/build.sbt. Using presentation compiler with project's scala-library version: 3.3.4[0m
2024.11.03 22:50:41 INFO  no build target found for /Users/barrie/dev/bcm/movrel/build.sbt. Using presentation compiler with project's scala-library version: 3.3.4[0m
2024.11.03 22:50:41 INFO  no build target found for /Users/barrie/dev/bcm/movrel/build.sbt. Using presentation compiler with project's scala-library version: 3.3.4[0m
2024.11.03 22:50:42 INFO  no build target found for /Users/barrie/dev/bcm/movrel/build.sbt. Using presentation compiler with project's scala-library version: 3.3.4[0m
2024.11.03 22:50:42 INFO  no build target found for /Users/barrie/dev/bcm/movrel/build.sbt. Using presentation compiler with project's scala-library version: 3.3.4[0m
2024.11.03 22:50:42 INFO  no build target found for /Users/barrie/dev/bcm/movrel/build.sbt. Using presentation compiler with project's scala-library version: 3.3.4[0m
2024.11.03 22:50:42 INFO  no build target found for /Users/barrie/dev/bcm/movrel/build.sbt. Using presentation compiler with project's scala-library version: 3.3.4[0m
2024.11.03 22:50:42 INFO  no build target found for /Users/barrie/dev/bcm/movrel/build.sbt. Using presentation compiler with project's scala-library version: 3.3.4[0m
2024.11.03 22:50:42 INFO  no build target found for /Users/barrie/dev/bcm/movrel/build.sbt. Using presentation compiler with project's scala-library version: 3.3.4[0m
2024.11.03 22:50:42 INFO  no build target found for /Users/barrie/dev/bcm/movrel/build.sbt. Using presentation compiler with project's scala-library version: 3.3.4[0m
2024.11.03 22:50:42 INFO  no build target found for /Users/barrie/dev/bcm/movrel/build.sbt. Using presentation compiler with project's scala-library version: 3.3.4[0m
2024.11.03 22:50:42 INFO  no build target found for /Users/barrie/dev/bcm/movrel/build.sbt. Using presentation compiler with project's scala-library version: 3.3.4[0m
2024.11.03 22:50:42 INFO  no build target found for /Users/barrie/dev/bcm/movrel/build.sbt. Using presentation compiler with project's scala-library version: 3.3.4[0m
2024.11.03 22:50:42 INFO  no build target found for /Users/barrie/dev/bcm/movrel/build.sbt. Using presentation compiler with project's scala-library version: 3.3.4[0m
2024.11.03 22:50:42 INFO  no build target found for /Users/barrie/dev/bcm/movrel/build.sbt. Using presentation compiler with project's scala-library version: 3.3.4[0m
2024.11.03 22:50:42 INFO  no build target found for /Users/barrie/dev/bcm/movrel/build.sbt. Using presentation compiler with project's scala-library version: 3.3.4[0m
2024.11.03 22:50:42 INFO  no build target found for /Users/barrie/dev/bcm/movrel/build.sbt. Using presentation compiler with project's scala-library version: 3.3.4[0m
2024.11.03 22:50:43 INFO  no build target found for /Users/barrie/dev/bcm/movrel/build.sbt. Using presentation compiler with project's scala-library version: 3.3.4[0m
2024.11.03 22:50:43 INFO  no build target found for /Users/barrie/dev/bcm/movrel/build.sbt. Using presentation compiler with project's scala-library version: 3.3.4[0m
2024.11.03 22:50:43 INFO  no build target found for /Users/barrie/dev/bcm/movrel/build.sbt. Using presentation compiler with project's scala-library version: 3.3.4[0m
2024.11.03 22:50:43 WARN  no build target for: /Users/barrie/dev/bcm/movrel/build.sbt[0m
2024.11.03 22:50:43 INFO  no build target found for /Users/barrie/dev/bcm/movrel/build.sbt. Using presentation compiler with project's scala-library version: 3.3.4[0m
2024.11.03 22:50:43 INFO  no build target found for /Users/barrie/dev/bcm/movrel/build.sbt. Using presentation compiler with project's scala-library version: 3.3.4[0m
2024.11.03 22:50:44 INFO  no build target found for /Users/barrie/dev/bcm/movrel/build.sbt. Using presentation compiler with project's scala-library version: 3.3.4[0m
2024.11.03 22:50:44 INFO  no build target found for /Users/barrie/dev/bcm/movrel/build.sbt. Using presentation compiler with project's scala-library version: 3.3.4[0m
2024.11.03 22:50:44 INFO  no build target found for /Users/barrie/dev/bcm/movrel/build.sbt. Using presentation compiler with project's scala-library version: 3.3.4[0m
2024.11.03 22:50:44 INFO  no build target found for /Users/barrie/dev/bcm/movrel/build.sbt. Using presentation compiler with project's scala-library version: 3.3.4[0m
2024.11.03 22:50:44 INFO  no build target found for /Users/barrie/dev/bcm/movrel/build.sbt. Using presentation compiler with project's scala-library version: 3.3.4[0m
2024.11.03 22:50:44 INFO  no build target found for /Users/barrie/dev/bcm/movrel/build.sbt. Using presentation compiler with project's scala-library version: 3.3.4[0m
2024.11.03 22:50:44 INFO  no build target found for /Users/barrie/dev/bcm/movrel/build.sbt. Using presentation compiler with project's scala-library version: 3.3.4[0m
2024.11.03 22:50:49 INFO  no build target found for /Users/barrie/dev/bcm/movrel/build.sbt. Using presentation compiler with project's scala-library version: 3.3.4[0m
2024.11.03 22:50:49 INFO  no build target found for /Users/barrie/dev/bcm/movrel/build.sbt. Using presentation compiler with project's scala-library version: 3.3.4[0m
2024.11.03 22:50:49 INFO  no build target found for /Users/barrie/dev/bcm/movrel/build.sbt. Using presentation compiler with project's scala-library version: 3.3.4[0m
2024.11.03 22:50:49 INFO  no build target found for /Users/barrie/dev/bcm/movrel/build.sbt. Using presentation compiler with project's scala-library version: 3.3.4[0m
2024.11.03 22:50:49 INFO  no build target found for /Users/barrie/dev/bcm/movrel/build.sbt. Using presentation compiler with project's scala-library version: 3.3.4[0m
2024.11.03 22:50:49 INFO  no build target found for /Users/barrie/dev/bcm/movrel/build.sbt. Using presentation compiler with project's scala-library version: 3.3.4[0m
2024.11.03 22:50:49 INFO  no build target found for /Users/barrie/dev/bcm/movrel/build.sbt. Using presentation compiler with project's scala-library version: 3.3.4[0m
2024.11.03 22:50:49 INFO  no build target found for /Users/barrie/dev/bcm/movrel/build.sbt. Using presentation compiler with project's scala-library version: 3.3.4[0m
2024.11.03 22:50:50 INFO  no build target found for /Users/barrie/dev/bcm/movrel/build.sbt. Using presentation compiler with project's scala-library version: 3.3.4[0m
2024.11.03 22:50:50 INFO  no build target found for /Users/barrie/dev/bcm/movrel/build.sbt. Using presentation compiler with project's scala-library version: 3.3.4[0m
2024.11.03 22:50:50 INFO  no build target found for /Users/barrie/dev/bcm/movrel/build.sbt. Using presentation compiler with project's scala-library version: 3.3.4[0m
2024.11.03 22:50:50 INFO  no build target found for /Users/barrie/dev/bcm/movrel/build.sbt. Using presentation compiler with project's scala-library version: 3.3.4[0m
2024.11.03 22:50:50 INFO  no build target found for /Users/barrie/dev/bcm/movrel/build.sbt. Using presentation compiler with project's scala-library version: 3.3.4[0m
2024.11.03 22:50:50 INFO  no build target found for /Users/barrie/dev/bcm/movrel/build.sbt. Using presentation compiler with project's scala-library version: 3.3.4[0m
2024.11.03 22:50:50 INFO  no build target found for /Users/barrie/dev/bcm/movrel/build.sbt. Using presentation compiler with project's scala-library version: 3.3.4[0m
2024.11.03 22:50:50 INFO  no build target found for /Users/barrie/dev/bcm/movrel/build.sbt. Using presentation compiler with project's scala-library version: 3.3.4[0m
2024.11.03 22:50:50 INFO  no build target found for /Users/barrie/dev/bcm/movrel/build.sbt. Using presentation compiler with project's scala-library version: 3.3.4[0m
2024.11.03 22:50:50 INFO  no build target found for /Users/barrie/dev/bcm/movrel/build.sbt. Using presentation compiler with project's scala-library version: 3.3.4[0m
2024.11.03 22:50:51 INFO  no build target found for /Users/barrie/dev/bcm/movrel/build.sbt. Using presentation compiler with project's scala-library version: 3.3.4[0m
2024.11.03 22:50:50 INFO  no build target found for /Users/barrie/dev/bcm/movrel/build.sbt. Using presentation compiler with project's scala-library version: 3.3.4[0m
2024.11.03 22:50:51 INFO  no build target found for /Users/barrie/dev/bcm/movrel/build.sbt. Using presentation compiler with project's scala-library version: 3.3.4[0m
2024.11.03 22:50:50 INFO  no build target found for /Users/barrie/dev/bcm/movrel/build.sbt. Using presentation compiler with project's scala-library version: 3.3.4[0m
2024.11.03 22:50:51 INFO  no build target found for /Users/barrie/dev/bcm/movrel/build.sbt. Using presentation compiler with project's scala-library version: 3.3.4[0m
2024.11.03 22:50:51 INFO  no build target found for /Users/barrie/dev/bcm/movrel/build.sbt. Using presentation compiler with project's scala-library version: 3.3.4[0m
2024.11.03 22:50:51 INFO  no build target found for /Users/barrie/dev/bcm/movrel/build.sbt. Using presentation compiler with project's scala-library version: 3.3.4[0m
2024.11.03 22:50:51 INFO  no build target found for /Users/barrie/dev/bcm/movrel/build.sbt. Using presentation compiler with project's scala-library version: 3.3.4[0m
2024.11.03 22:50:51 INFO  no build target found for /Users/barrie/dev/bcm/movrel/build.sbt. Using presentation compiler with project's scala-library version: 3.3.4[0m
2024.11.03 22:50:51 INFO  no build target found for /Users/barrie/dev/bcm/movrel/build.sbt. Using presentation compiler with project's scala-library version: 3.3.4[0m
2024.11.03 22:50:51 INFO  no build target found for /Users/barrie/dev/bcm/movrel/build.sbt. Using presentation compiler with project's scala-library version: 3.3.4[0m
2024.11.03 22:50:51 INFO  no build target found for /Users/barrie/dev/bcm/movrel/build.sbt. Using presentation compiler with project's scala-library version: 3.3.4[0m
2024.11.03 22:50:51 INFO  no build target found for /Users/barrie/dev/bcm/movrel/build.sbt. Using presentation compiler with project's scala-library version: 3.3.4[0m
2024.11.03 22:50:52 INFO  no build target found for /Users/barrie/dev/bcm/movrel/build.sbt. Using presentation compiler with project's scala-library version: 3.3.4[0m
2024.11.03 22:50:51 INFO  no build target found for /Users/barrie/dev/bcm/movrel/build.sbt. Using presentation compiler with project's scala-library version: 3.3.4[0m
2024.11.03 22:50:51 INFO  no build target found for /Users/barrie/dev/bcm/movrel/build.sbt. Using presentation compiler with project's scala-library version: 3.3.4[0m
2024.11.03 22:50:52 INFO  no build target found for /Users/barrie/dev/bcm/movrel/build.sbt. Using presentation compiler with project's scala-library version: 3.3.4[0m
2024.11.03 22:50:52 INFO  no build target found for /Users/barrie/dev/bcm/movrel/build.sbt. Using presentation compiler with project's scala-library version: 3.3.4[0m
2024.11.03 22:50:52 INFO  no build target found for /Users/barrie/dev/bcm/movrel/build.sbt. Using presentation compiler with project's scala-library version: 3.3.4[0m
2024.11.03 22:50:52 INFO  no build target found for /Users/barrie/dev/bcm/movrel/build.sbt. Using presentation compiler with project's scala-library version: 3.3.4[0m
2024.11.03 22:50:52 INFO  no build target found for /Users/barrie/dev/bcm/movrel/build.sbt. Using presentation compiler with project's scala-library version: 3.3.4[0m
2024.11.03 22:50:52 INFO  no build target found for /Users/barrie/dev/bcm/movrel/build.sbt. Using presentation compiler with project's scala-library version: 3.3.4[0m
2024.11.03 22:50:52 INFO  no build target found for /Users/barrie/dev/bcm/movrel/build.sbt. Using presentation compiler with project's scala-library version: 3.3.4[0m
2024.11.03 22:50:52 INFO  no build target found for /Users/barrie/dev/bcm/movrel/build.sbt. Using presentation compiler with project's scala-library version: 3.3.4[0m
2024.11.03 22:50:52 INFO  no build target found for /Users/barrie/dev/bcm/movrel/build.sbt. Using presentation compiler with project's scala-library version: 3.3.4[0m
2024.11.03 22:50:52 INFO  no build target found for /Users/barrie/dev/bcm/movrel/build.sbt. Using presentation compiler with project's scala-library version: 3.3.4[0m
2024.11.03 22:50:53 INFO  no build target found for /Users/barrie/dev/bcm/movrel/build.sbt. Using presentation compiler with project's scala-library version: 3.3.4[0m
2024.11.03 22:50:53 INFO  no build target found for /Users/barrie/dev/bcm/movrel/build.sbt. Using presentation compiler with project's scala-library version: 3.3.4[0m
2024.11.03 22:50:53 INFO  no build target found for /Users/barrie/dev/bcm/movrel/build.sbt. Using presentation compiler with project's scala-library version: 3.3.4[0m
2024.11.03 22:50:53 INFO  no build target found for /Users/barrie/dev/bcm/movrel/build.sbt. Using presentation compiler with project's scala-library version: 3.3.4[0m
2024.11.03 22:50:53 INFO  no build target found for /Users/barrie/dev/bcm/movrel/build.sbt. Using presentation compiler with project's scala-library version: 3.3.4[0m
2024.11.03 22:50:54 INFO  no build target found for /Users/barrie/dev/bcm/movrel/build.sbt. Using presentation compiler with project's scala-library version: 3.3.4[0m
2024.11.03 22:50:54 INFO  no build target found for /Users/barrie/dev/bcm/movrel/build.sbt. Using presentation compiler with project's scala-library version: 3.3.4[0m
2024.11.03 22:50:54 INFO  no build target found for /Users/barrie/dev/bcm/movrel/build.sbt. Using presentation compiler with project's scala-library version: 3.3.4[0m
2024.11.03 22:50:57 INFO  no build target found for /Users/barrie/dev/bcm/movrel/build.sbt. Using presentation compiler with project's scala-library version: 3.3.4[0m
2024.11.03 22:50:58 INFO  no build target found for /Users/barrie/dev/bcm/movrel/build.sbt. Using presentation compiler with project's scala-library version: 3.3.4[0m
2024.11.03 22:50:58 INFO  no build target found for /Users/barrie/dev/bcm/movrel/build.sbt. Using presentation compiler with project's scala-library version: 3.3.4[0m
2024.11.03 22:51:00 INFO  no build target found for /Users/barrie/dev/bcm/movrel/build.sbt. Using presentation compiler with project's scala-library version: 3.3.4[0m
2024.11.03 22:51:00 INFO  no build target found for /Users/barrie/dev/bcm/movrel/build.sbt. Using presentation compiler with project's scala-library version: 3.3.4[0m
2024.11.03 22:51:00 INFO  no build target found for /Users/barrie/dev/bcm/movrel/build.sbt. Using presentation compiler with project's scala-library version: 3.3.4[0m
2024.11.03 22:51:00 INFO  no build target found for /Users/barrie/dev/bcm/movrel/build.sbt. Using presentation compiler with project's scala-library version: 3.3.4[0m
2024.11.03 22:51:00 INFO  no build target found for /Users/barrie/dev/bcm/movrel/build.sbt. Using presentation compiler with project's scala-library version: 3.3.4[0m
2024.11.03 22:51:01 INFO  no build target found for /Users/barrie/dev/bcm/movrel/build.sbt. Using presentation compiler with project's scala-library version: 3.3.4[0m
2024.11.03 22:51:02 INFO  no build target found for /Users/barrie/dev/bcm/movrel/build.sbt. Using presentation compiler with project's scala-library version: 3.3.4[0m
2024.11.03 22:51:03 INFO  no build target found for /Users/barrie/dev/bcm/movrel/build.sbt. Using presentation compiler with project's scala-library version: 3.3.4[0m
2024.11.03 22:51:03 INFO  no build target found for /Users/barrie/dev/bcm/movrel/build.sbt. Using presentation compiler with project's scala-library version: 3.3.4[0m
2024.11.03 22:51:04 INFO  no build target found for /Users/barrie/dev/bcm/movrel/build.sbt. Using presentation compiler with project's scala-library version: 3.3.4[0m
2024.11.03 22:51:04 INFO  no build target found for /Users/barrie/dev/bcm/movrel/build.sbt. Using presentation compiler with project's scala-library version: 3.3.4[0m
2024.11.03 22:51:04 INFO  no build target found for /Users/barrie/dev/bcm/movrel/build.sbt. Using presentation compiler with project's scala-library version: 3.3.4[0m
2024.11.03 22:51:04 INFO  no build target found for /Users/barrie/dev/bcm/movrel/build.sbt. Using presentation compiler with project's scala-library version: 3.3.4[0m
2024.11.03 22:51:06 INFO  no build target found for /Users/barrie/dev/bcm/movrel/build.sbt. Using presentation compiler with project's scala-library version: 3.3.4[0m
2024.11.03 22:51:06 INFO  no build target found for /Users/barrie/dev/bcm/movrel/build.sbt. Using presentation compiler with project's scala-library version: 3.3.4[0m
2024.11.03 22:51:07 INFO  no build target found for /Users/barrie/dev/bcm/movrel/build.sbt. Using presentation compiler with project's scala-library version: 3.3.4[0m
2024.11.03 22:51:07 INFO  no build target found for /Users/barrie/dev/bcm/movrel/build.sbt. Using presentation compiler with project's scala-library version: 3.3.4[0m
2024.11.03 22:51:07 INFO  no build target found for /Users/barrie/dev/bcm/movrel/build.sbt. Using presentation compiler with project's scala-library version: 3.3.4[0m
2024.11.03 22:51:07 INFO  no build target found for /Users/barrie/dev/bcm/movrel/build.sbt. Using presentation compiler with project's scala-library version: 3.3.4[0m
2024.11.03 22:51:07 INFO  no build target found for /Users/barrie/dev/bcm/movrel/build.sbt. Using presentation compiler with project's scala-library version: 3.3.4[0m
2024.11.03 22:51:07 INFO  no build target found for /Users/barrie/dev/bcm/movrel/build.sbt. Using presentation compiler with project's scala-library version: 3.3.4[0m
2024.11.03 22:51:08 INFO  no build target found for /Users/barrie/dev/bcm/movrel/build.sbt. Using presentation compiler with project's scala-library version: 3.3.4[0m
2024.11.03 22:51:07 INFO  no build target found for /Users/barrie/dev/bcm/movrel/build.sbt. Using presentation compiler with project's scala-library version: 3.3.4[0m
2024.11.03 22:51:07 INFO  no build target found for /Users/barrie/dev/bcm/movrel/build.sbt. Using presentation compiler with project's scala-library version: 3.3.4[0m
2024.11.03 22:51:07 INFO  no build target found for /Users/barrie/dev/bcm/movrel/build.sbt. Using presentation compiler with project's scala-library version: 3.3.4[0m
2024.11.03 22:51:07 INFO  no build target found for /Users/barrie/dev/bcm/movrel/build.sbt. Using presentation compiler with project's scala-library version: 3.3.4[0m
2024.11.03 22:51:07 INFO  no build target found for /Users/barrie/dev/bcm/movrel/build.sbt. Using presentation compiler with project's scala-library version: 3.3.4[0m
2024.11.03 22:51:08 INFO  no build target found for /Users/barrie/dev/bcm/movrel/build.sbt. Using presentation compiler with project's scala-library version: 3.3.4[0m
2024.11.03 22:51:08 INFO  no build target found for /Users/barrie/dev/bcm/movrel/build.sbt. Using presentation compiler with project's scala-library version: 3.3.4[0m
2024.11.03 22:51:08 INFO  no build target found for /Users/barrie/dev/bcm/movrel/build.sbt. Using presentation compiler with project's scala-library version: 3.3.4[0m
2024.11.03 22:51:08 INFO  no build target found for /Users/barrie/dev/bcm/movrel/build.sbt. Using presentation compiler with project's scala-library version: 3.3.4[0m
2024.11.03 22:51:08 INFO  no build target found for /Users/barrie/dev/bcm/movrel/build.sbt. Using presentation compiler with project's scala-library version: 3.3.4[0m
2024.11.03 22:51:09 INFO  no build target found for /Users/barrie/dev/bcm/movrel/build.sbt. Using presentation compiler with project's scala-library version: 3.3.4[0m
2024.11.03 22:51:09 INFO  no build target found for /Users/barrie/dev/bcm/movrel/build.sbt. Using presentation compiler with project's scala-library version: 3.3.4[0m
2024.11.03 22:51:09 INFO  no build target found for /Users/barrie/dev/bcm/movrel/build.sbt. Using presentation compiler with project's scala-library version: 3.3.4[0m
2024.11.03 22:51:09 INFO  no build target found for /Users/barrie/dev/bcm/movrel/build.sbt. Using presentation compiler with project's scala-library version: 3.3.4[0m
2024.11.03 22:51:09 INFO  no build target found for /Users/barrie/dev/bcm/movrel/build.sbt. Using presentation compiler with project's scala-library version: 3.3.4[0m
2024.11.03 22:51:09 INFO  no build target found for /Users/barrie/dev/bcm/movrel/build.sbt. Using presentation compiler with project's scala-library version: 3.3.4[0m
2024.11.03 22:51:09 INFO  no build target found for /Users/barrie/dev/bcm/movrel/build.sbt. Using presentation compiler with project's scala-library version: 3.3.4[0m
2024.11.03 22:51:09 INFO  no build target found for /Users/barrie/dev/bcm/movrel/build.sbt. Using presentation compiler with project's scala-library version: 3.3.4[0m
2024.11.03 22:51:09 INFO  no build target found for /Users/barrie/dev/bcm/movrel/build.sbt. Using presentation compiler with project's scala-library version: 3.3.4[0m
2024.11.03 22:51:09 INFO  no build target found for /Users/barrie/dev/bcm/movrel/build.sbt. Using presentation compiler with project's scala-library version: 3.3.4[0m
2024.11.03 22:51:10 INFO  no build target found for /Users/barrie/dev/bcm/movrel/build.sbt. Using presentation compiler with project's scala-library version: 3.3.4[0m
2024.11.03 22:51:10 INFO  no build target found for /Users/barrie/dev/bcm/movrel/build.sbt. Using presentation compiler with project's scala-library version: 3.3.4[0m
2024.11.03 22:51:11 WARN  no build target for: /Users/barrie/dev/bcm/movrel/build.sbt[0m
2024.11.03 22:51:11 INFO  no build target found for /Users/barrie/dev/bcm/movrel/build.sbt. Using presentation compiler with project's scala-library version: 3.3.4[0m
2024.11.03 22:51:11 INFO  no build target found for /Users/barrie/dev/bcm/movrel/build.sbt. Using presentation compiler with project's scala-library version: 3.3.4[0m
2024.11.03 22:51:11 INFO  no build target found for /Users/barrie/dev/bcm/movrel/build.sbt. Using presentation compiler with project's scala-library version: 3.3.4[0m
2024.11.03 22:51:13 INFO  no build target found for /Users/barrie/dev/bcm/movrel/build.sbt. Using presentation compiler with project's scala-library version: 3.3.4[0m
2024.11.03 22:51:13 INFO  no build target found for /Users/barrie/dev/bcm/movrel/build.sbt. Using presentation compiler with project's scala-library version: 3.3.4[0m
2024.11.03 22:51:13 INFO  no build target found for /Users/barrie/dev/bcm/movrel/build.sbt. Using presentation compiler with project's scala-library version: 3.3.4[0m
2024.11.03 22:51:13 INFO  no build target found for /Users/barrie/dev/bcm/movrel/build.sbt. Using presentation compiler with project's scala-library version: 3.3.4[0m
2024.11.03 22:51:14 INFO  no build target found for /Users/barrie/dev/bcm/movrel/build.sbt. Using presentation compiler with project's scala-library version: 3.3.4[0m
2024.11.03 22:51:14 INFO  no build target found for /Users/barrie/dev/bcm/movrel/build.sbt. Using presentation compiler with project's scala-library version: 3.3.4[0m
2024.11.03 22:51:13 INFO  no build target found for /Users/barrie/dev/bcm/movrel/build.sbt. Using presentation compiler with project's scala-library version: 3.3.4[0m
2024.11.03 22:51:13 INFO  no build target found for /Users/barrie/dev/bcm/movrel/build.sbt. Using presentation compiler with project's scala-library version: 3.3.4[0m
2024.11.03 22:51:14 INFO  no build target found for /Users/barrie/dev/bcm/movrel/build.sbt. Using presentation compiler with project's scala-library version: 3.3.4[0m
2024.11.03 22:51:14 INFO  no build target found for /Users/barrie/dev/bcm/movrel/build.sbt. Using presentation compiler with project's scala-library version: 3.3.4[0m
2024.11.03 22:51:16 INFO  no build target found for /Users/barrie/dev/bcm/movrel/build.sbt. Using presentation compiler with project's scala-library version: 3.3.4[0m
2024.11.03 22:51:16 INFO  no build target found for /Users/barrie/dev/bcm/movrel/build.sbt. Using presentation compiler with project's scala-library version: 3.3.4[0m
2024.11.03 22:51:16 INFO  no build target found for /Users/barrie/dev/bcm/movrel/build.sbt. Using presentation compiler with project's scala-library version: 3.3.4[0m
2024.11.03 22:51:16 INFO  no build target found for /Users/barrie/dev/bcm/movrel/build.sbt. Using presentation compiler with project's scala-library version: 3.3.4[0m
2024.11.03 22:51:16 INFO  no build target found for /Users/barrie/dev/bcm/movrel/build.sbt. Using presentation compiler with project's scala-library version: 3.3.4[0m
2024.11.03 22:51:16 INFO  no build target found for /Users/barrie/dev/bcm/movrel/build.sbt. Using presentation compiler with project's scala-library version: 3.3.4[0m
2024.11.03 22:51:16 INFO  no build target found for /Users/barrie/dev/bcm/movrel/build.sbt. Using presentation compiler with project's scala-library version: 3.3.4[0m
2024.11.03 22:51:17 INFO  no build target found for /Users/barrie/dev/bcm/movrel/build.sbt. Using presentation compiler with project's scala-library version: 3.3.4[0m
2024.11.03 22:51:17 INFO  no build target found for /Users/barrie/dev/bcm/movrel/build.sbt. Using presentation compiler with project's scala-library version: 3.3.4[0m
2024.11.03 22:51:17 INFO  no build target found for /Users/barrie/dev/bcm/movrel/build.sbt. Using presentation compiler with project's scala-library version: 3.3.4[0m
2024.11.03 22:51:17 INFO  no build target found for /Users/barrie/dev/bcm/movrel/build.sbt. Using presentation compiler with project's scala-library version: 3.3.4[0m
2024.11.03 22:51:17 INFO  no build target found for /Users/barrie/dev/bcm/movrel/build.sbt. Using presentation compiler with project's scala-library version: 3.3.4[0m
2024.11.03 22:51:17 INFO  no build target found for /Users/barrie/dev/bcm/movrel/build.sbt. Using presentation compiler with project's scala-library version: 3.3.4[0m
2024.11.03 22:51:18 INFO  no build target found for /Users/barrie/dev/bcm/movrel/build.sbt. Using presentation compiler with project's scala-library version: 3.3.4[0m
2024.11.03 22:51:18 INFO  no build target found for /Users/barrie/dev/bcm/movrel/build.sbt. Using presentation compiler with project's scala-library version: 3.3.4[0m
2024.11.03 22:51:18 WARN  no build target for: /Users/barrie/dev/bcm/movrel/build.sbt[0m
2024.11.03 22:51:18 INFO  no build target found for /Users/barrie/dev/bcm/movrel/build.sbt. Using presentation compiler with project's scala-library version: 3.3.4[0m
2024.11.03 22:51:18 INFO  no build target found for /Users/barrie/dev/bcm/movrel/build.sbt. Using presentation compiler with project's scala-library version: 3.3.4[0m
2024.11.03 22:51:19 INFO  no build target found for /Users/barrie/dev/bcm/movrel/build.sbt. Using presentation compiler with project's scala-library version: 3.3.4[0m
2024.11.03 22:51:19 INFO  no build target found for /Users/barrie/dev/bcm/movrel/build.sbt. Using presentation compiler with project's scala-library version: 3.3.4[0m
2024.11.03 22:52:12 INFO  no build target found for /Users/barrie/dev/bcm/movrel/build.sbt. Using presentation compiler with project's scala-library version: 3.3.4[0m
2024.11.03 22:52:12 INFO  no build target found for /Users/barrie/dev/bcm/movrel/build.sbt. Using presentation compiler with project's scala-library version: 3.3.4[0m
2024.11.03 22:52:12 INFO  no build target found for /Users/barrie/dev/bcm/movrel/build.sbt. Using presentation compiler with project's scala-library version: 3.3.4[0m
2024.11.03 22:52:12 INFO  no build target found for /Users/barrie/dev/bcm/movrel/build.sbt. Using presentation compiler with project's scala-library version: 3.3.4[0m
2024.11.03 22:52:12 INFO  no build target found for /Users/barrie/dev/bcm/movrel/build.sbt. Using presentation compiler with project's scala-library version: 3.3.4[0m
2024.11.03 22:52:13 INFO  no build target found for /Users/barrie/dev/bcm/movrel/build.sbt. Using presentation compiler with project's scala-library version: 3.3.4[0m
2024.11.03 22:52:13 INFO  no build target found for /Users/barrie/dev/bcm/movrel/build.sbt. Using presentation compiler with project's scala-library version: 3.3.4[0m
2024.11.03 22:52:13 INFO  no build target found for /Users/barrie/dev/bcm/movrel/build.sbt. Using presentation compiler with project's scala-library version: 3.3.4[0m
2024.11.03 22:52:13 WARN  no build target for: /Users/barrie/dev/bcm/movrel/build.sbt[0m
2024.11.03 22:52:13 INFO  no build target found for /Users/barrie/dev/bcm/movrel/build.sbt. Using presentation compiler with project's scala-library version: 3.3.4[0m
2024.11.03 22:52:13 INFO  skipping build import with status 'Dismissed'[0m
2024.11.03 22:52:14 INFO  no build target found for /Users/barrie/dev/bcm/movrel/build.sbt. Using presentation compiler with project's scala-library version: 3.3.4[0m
2024.11.03 22:52:34 INFO  no build target found for /Users/barrie/dev/bcm/movrel/build.sbt. Using presentation compiler with project's scala-library version: 3.3.4[0m
2024.11.03 22:52:42 INFO  no build target found for /Users/barrie/dev/bcm/movrel/build.sbt. Using presentation compiler with project's scala-library version: 3.3.4[0m
2024.11.03 22:52:42 INFO  no build target found for /Users/barrie/dev/bcm/movrel/build.sbt. Using presentation compiler with project's scala-library version: 3.3.4[0m
2024.11.03 22:52:49 INFO  no build target found for /Users/barrie/dev/bcm/movrel/build.sbt. Using presentation compiler with project's scala-library version: 3.3.4[0m
2024.11.03 22:52:49 INFO  no build target found for /Users/barrie/dev/bcm/movrel/build.sbt. Using presentation compiler with project's scala-library version: 3.3.4[0m
2024.11.03 22:52:49 INFO  no build target found for /Users/barrie/dev/bcm/movrel/build.sbt. Using presentation compiler with project's scala-library version: 3.3.4[0m
2024.11.03 22:52:58 INFO  no build target found for /Users/barrie/dev/bcm/movrel/src/main/scala/org/bcm/movrel/HelloWorld.scala. Using presentation compiler with project's scala-library version: 3.3.4[0m
2024.11.03 22:52:58 INFO  no build target found for /Users/barrie/dev/bcm/movrel/src/main/scala/org/bcm/movrel/HelloWorld.scala. Using presentation compiler with project's scala-library version: 3.3.4[0m
2024.11.03 22:52:58 INFO  no build target found for /Users/barrie/dev/bcm/movrel/src/main/scala/org/bcm/movrel/HelloWorld.scala. Using presentation compiler with project's scala-library version: 3.3.4[0m
2024.11.03 22:52:58 INFO  no build target found for /Users/barrie/dev/bcm/movrel/src/main/scala/org/bcm/movrel/HelloWorld.scala. Using presentation compiler with project's scala-library version: 3.3.4[0m
2024.11.03 22:52:58 INFO  no build target found for /Users/barrie/dev/bcm/movrel/src/main/scala/org/bcm/movrel/HelloWorld.scala. Using presentation compiler with project's scala-library version: 3.3.4[0m
2024.11.03 22:52:58 INFO  no build target found for /Users/barrie/dev/bcm/movrel/src/main/scala/org/bcm/movrel/HelloWorld.scala. Using presentation compiler with project's scala-library version: 3.3.4[0m
2024.11.03 22:52:58 INFO  no build target found for /Users/barrie/dev/bcm/movrel/src/main/scala/org/bcm/movrel/MovrelRoutes.scala. Using presentation compiler with project's scala-library version: 3.3.4[0m
2024.11.03 22:52:58 INFO  no build target found for /Users/barrie/dev/bcm/movrel/src/main/scala/org/bcm/movrel/MovrelRoutes.scala. Using presentation compiler with project's scala-library version: 3.3.4[0m
2024.11.03 22:52:59 INFO  no build target found for /Users/barrie/dev/bcm/movrel/src/main/scala/org/bcm/movrel/MovrelRoutes.scala. Using presentation compiler with project's scala-library version: 3.3.4[0m
2024.11.03 22:53:06 INFO  no build target found for /Users/barrie/dev/bcm/movrel/src/main/scala/org/bcm/movrel/MovrelRoutes.scala. Using presentation compiler with project's scala-library version: 3.3.4[0m
2024.11.03 22:53:06 INFO  no build target found for /Users/barrie/dev/bcm/movrel/src/main/scala/org/bcm/movrel/MovrelServer.scala. Using presentation compiler with project's scala-library version: 3.3.4[0m
2024.11.03 22:53:06 INFO  no build target found for /Users/barrie/dev/bcm/movrel/src/main/scala/org/bcm/movrel/MovrelServer.scala. Using presentation compiler with project's scala-library version: 3.3.4[0m
2024.11.03 22:53:06 INFO  no build target found for /Users/barrie/dev/bcm/movrel/src/main/scala/org/bcm/movrel/MovrelServer.scala. Using presentation compiler with project's scala-library version: 3.3.4[0m
2024.11.03 22:54:44 INFO  no build target found for /Users/barrie/dev/bcm/movrel/src/main/scala/org/bcm/movrel/MovrelServer.scala. Using presentation compiler with project's scala-library version: 3.3.4[0m
2024.11.03 22:54:47 INFO  no build target found for /Users/barrie/dev/bcm/movrel/src/main/scala/org/bcm/movrel/MovrelServer.scala. Using presentation compiler with project's scala-library version: 3.3.4[0m
2024.11.03 22:54:47 INFO  no build target found for /Users/barrie/dev/bcm/movrel/src/main/scala/org/bcm/movrel/MovrelServer.scala. Using presentation compiler with project's scala-library version: 3.3.4[0m
2024.11.03 22:54:58 INFO  no build target found for /Users/barrie/dev/bcm/movrel/src/main/scala/org/bcm/movrel/MovrelServer.scala. Using presentation compiler with project's scala-library version: 3.3.4[0m
2024.11.03 22:54:58 INFO  no build target found for /Users/barrie/dev/bcm/movrel/src/main/scala/org/bcm/movrel/HelloWorld.scala. Using presentation compiler with project's scala-library version: 3.3.4[0m
2024.11.03 22:54:58 INFO  no build target found for /Users/barrie/dev/bcm/movrel/src/main/scala/org/bcm/movrel/HelloWorld.scala. Using presentation compiler with project's scala-library version: 3.3.4[0m
2024.11.03 22:54:58 INFO  no build target found for /Users/barrie/dev/bcm/movrel/src/main/scala/org/bcm/movrel/HelloWorld.scala. Using presentation compiler with project's scala-library version: 3.3.4[0m
2024.11.03 22:54:58 INFO  no build target found for /Users/barrie/dev/bcm/movrel/src/main/scala/org/bcm/movrel/HelloWorld.scala. Using presentation compiler with project's scala-library version: 3.3.4[0m
2024.11.03 22:54:58 INFO  no build target found for /Users/barrie/dev/bcm/movrel/src/main/scala/org/bcm/movrel/HelloWorld.scala. Using presentation compiler with project's scala-library version: 3.3.4[0m
2024.11.03 22:54:58 INFO  no build target found for /Users/barrie/dev/bcm/movrel/src/main/scala/org/bcm/movrel/HelloWorld.scala. Using presentation compiler with project's scala-library version: 3.3.4[0m
2024.11.03 22:55:03 INFO  no build target found for /Users/barrie/dev/bcm/movrel/src/main/scala/org/bcm/movrel/HelloWorld.scala. Using presentation compiler with project's scala-library version: 3.3.4[0m
2024.11.03 22:55:03 INFO  no build target found for /Users/barrie/dev/bcm/movrel/src/main/scala/org/bcm/movrel/HelloWorld.scala. Using presentation compiler with project's scala-library version: 3.3.4[0m
2024.11.03 22:55:03 INFO  no build target found for /Users/barrie/dev/bcm/movrel/src/main/scala/org/bcm/movrel/HelloWorld.scala. Using presentation compiler with project's scala-library version: 3.3.4[0m
2024.11.03 22:55:03 INFO  no build target found for /Users/barrie/dev/bcm/movrel/src/main/scala/org/bcm/movrel/HelloWorld.scala. Using presentation compiler with project's scala-library version: 3.3.4[0m
2024.11.03 22:55:03 INFO  no build target found for /Users/barrie/dev/bcm/movrel/src/main/scala/org/bcm/movrel/HelloWorld.scala. Using presentation compiler with project's scala-library version: 3.3.4[0m
2024.11.03 22:55:03 INFO  no build target found for /Users/barrie/dev/bcm/movrel/src/main/scala/org/bcm/movrel/HelloWorld.scala. Using presentation compiler with project's scala-library version: 3.3.4[0m
2024.11.03 22:55:03 INFO  no build target found for /Users/barrie/dev/bcm/movrel/src/main/scala/org/bcm/movrel/HelloWorld.scala. Using presentation compiler with project's scala-library version: 3.3.4[0m
2024.11.03 22:55:04 INFO  no build target found for /Users/barrie/dev/bcm/movrel/src/main/scala/org/bcm/movrel/HelloWorld.scala. Using presentation compiler with project's scala-library version: 3.3.4[0m
2024.11.03 22:55:06 INFO  no build target found for /Users/barrie/dev/bcm/movrel/src/main/scala/org/bcm/movrel/HelloWorld.scala. Using presentation compiler with project's scala-library version: 3.3.4[0m
2024.11.03 22:55:06 INFO  no build target found for /Users/barrie/dev/bcm/movrel/src/main/scala/org/bcm/movrel/HelloWorld.scala. Using presentation compiler with project's scala-library version: 3.3.4[0m
2024.11.03 22:55:06 INFO  no build target found for /Users/barrie/dev/bcm/movrel/src/main/scala/org/bcm/movrel/HelloWorld.scala. Using presentation compiler with project's scala-library version: 3.3.4[0m
2024.11.03 22:55:08 INFO  no build target found for /Users/barrie/dev/bcm/movrel/src/main/scala/org/bcm/movrel/HelloWorld.scala. Using presentation compiler with project's scala-library version: 3.3.4[0m
2024.11.03 22:55:09 INFO  no build target found for /Users/barrie/dev/bcm/movrel/src/main/scala/org/bcm/movrel/HelloWorld.scala. Using presentation compiler with project's scala-library version: 3.3.4[0m
2024.11.03 22:55:11 INFO  no build target found for /Users/barrie/dev/bcm/movrel/src/main/scala/org/bcm/movrel/HelloWorld.scala. Using presentation compiler with project's scala-library version: 3.3.4[0m
2024.11.03 22:55:11 INFO  no build target found for /Users/barrie/dev/bcm/movrel/src/main/scala/org/bcm/movrel/HelloWorld.scala. Using presentation compiler with project's scala-library version: 3.3.4[0m
2024.11.03 22:55:11 INFO  no build target found for /Users/barrie/dev/bcm/movrel/src/main/scala/org/bcm/movrel/HelloWorld.scala. Using presentation compiler with project's scala-library version: 3.3.4[0m
2024.11.03 22:55:11 INFO  no build target found for /Users/barrie/dev/bcm/movrel/src/main/scala/org/bcm/movrel/HelloWorld.scala. Using presentation compiler with project's scala-library version: 3.3.4[0m
2024.11.03 22:55:14 INFO  no build target found for /Users/barrie/dev/bcm/movrel/src/main/scala/org/bcm/movrel/HelloWorld.scala. Using presentation compiler with project's scala-library version: 3.3.4[0m
2024.11.03 22:55:14 INFO  no build target found for /Users/barrie/dev/bcm/movrel/src/main/scala/org/bcm/movrel/HelloWorld.scala. Using presentation compiler with project's scala-library version: 3.3.4[0m
2024.11.03 22:55:14 INFO  no build target found for /Users/barrie/dev/bcm/movrel/src/main/scala/org/bcm/movrel/HelloWorld.scala. Using presentation compiler with project's scala-library version: 3.3.4[0m
2024.11.03 22:55:22 INFO  no build target found for /Users/barrie/dev/bcm/movrel/src/main/scala/org/bcm/movrel/HelloWorld.scala. Using presentation compiler with project's scala-library version: 3.3.4[0m
2024.11.03 22:55:22 INFO  no build target found for /Users/barrie/dev/bcm/movrel/src/main/scala/org/bcm/movrel/Main.scala. Using presentation compiler with project's scala-library version: 3.3.4[0m
2024.11.03 22:55:22 INFO  no build target found for /Users/barrie/dev/bcm/movrel/src/main/scala/org/bcm/movrel/Main.scala. Using presentation compiler with project's scala-library version: 3.3.4[0m
2024.11.03 22:55:22 INFO  no build target found for /Users/barrie/dev/bcm/movrel/src/main/scala/org/bcm/movrel/Main.scala. Using presentation compiler with project's scala-library version: 3.3.4[0m
2024.11.03 22:55:22 INFO  no build target found for /Users/barrie/dev/bcm/movrel/src/main/scala/org/bcm/movrel/Main.scala. Using presentation compiler with project's scala-library version: 3.3.4[0m
2024.11.03 22:55:24 INFO  no build target found for /Users/barrie/dev/bcm/movrel/src/main/scala/org/bcm/movrel/Main.scala. Using presentation compiler with project's scala-library version: 3.3.4[0m
2024.11.03 22:55:24 INFO  no build target found for /Users/barrie/dev/bcm/movrel/src/main/scala/org/bcm/movrel/Main.scala. Using presentation compiler with project's scala-library version: 3.3.4[0m
2024.11.03 22:55:24 INFO  no build target found for /Users/barrie/dev/bcm/movrel/src/main/scala/org/bcm/movrel/Main.scala. Using presentation compiler with project's scala-library version: 3.3.4[0m
2024.11.03 22:55:24 INFO  no build target found for /Users/barrie/dev/bcm/movrel/src/main/scala/org/bcm/movrel/Main.scala. Using presentation compiler with project's scala-library version: 3.3.4[0m
2024.11.03 22:55:24 INFO  no build target found for /Users/barrie/dev/bcm/movrel/src/main/scala/org/bcm/movrel/Main.scala. Using presentation compiler with project's scala-library version: 3.3.4[0m
2024.11.03 22:55:25 INFO  no build target found for /Users/barrie/dev/bcm/movrel/src/main/scala/org/bcm/movrel/Main.scala. Using presentation compiler with project's scala-library version: 3.3.4[0m
2024.11.03 22:55:25 INFO  no build target found for /Users/barrie/dev/bcm/movrel/src/main/scala/org/bcm/movrel/Main.scala. Using presentation compiler with project's scala-library version: 3.3.4[0m
2024.11.03 22:55:33 INFO  no build target found for /Users/barrie/dev/bcm/movrel/src/main/scala/org/bcm/movrel/Main.scala. Using presentation compiler with project's scala-library version: 3.3.4[0m
2024.11.03 22:55:50 INFO  Shutting down server[0m
2024.11.03 22:55:50 INFO  shutting down Metals[0m
2024.11.03 22:55:50 INFO  Exiting server[0m
